build/app/intermediates/manifest_merge_blame_file/debug/processDebugMainManifest/manifest-merger-blame-debug-report.txt
1<?xml version="1.0" encoding="utf-8"?>
2<manifest xmlns:android="http://schemas.android.com/apk/res/android"
3    package="com.example.shaman_new"
4    android:versionCode="1"
5    android:versionName="1.0" >
6
7    <uses-sdk
8        android:minSdkVersion="21"
9        android:targetSdkVersion="34" />
10    <!--
11         The INTERNET permission is required for development. Specifically,
12         the Flutter tool needs it to communicate with the running application
13         to allow setting breakpoints, to provide hot reload, etc.
14    -->
15    <uses-permission android:name="android.permission.INTERNET" />
15-->src\main\AndroidManifest.xml:18:5-67
15-->src\main\AndroidManifest.xml:18:22-64
16    <!-- Bluetooth izinleri -->
17    <uses-permission android:name="android.permission.BLUETOOTH" />
17-->src\main\AndroidManifest.xml:4:5-68
17-->src\main\AndroidManifest.xml:4:22-65
18    <uses-permission android:name="android.permission.BLUETOOTH_ADMIN" />
18-->src\main\AndroidManifest.xml:5:5-74
18-->src\main\AndroidManifest.xml:5:22-71
19    <uses-permission android:name="android.permission.BLUETOOTH_CONNECT" />
19-->src\main\AndroidManifest.xml:6:5-76
19-->src\main\AndroidManifest.xml:6:22-73
20    <uses-permission android:name="android.permission.BLUETOOTH_SCAN" />
20-->src\main\AndroidManifest.xml:7:5-73
20-->src\main\AndroidManifest.xml:7:22-70
21    <uses-permission android:name="android.permission.BLUETOOTH_ADVERTISE" /> <!-- Konum izinleri (Bluetooth taraması için gerekli) -->
21-->src\main\AndroidManifest.xml:8:5-78
21-->src\main\AndroidManifest.xml:8:22-75
22    <uses-permission android:name="android.permission.ACCESS_FINE_LOCATION" />
22-->src\main\AndroidManifest.xml:11:5-79
22-->src\main\AndroidManifest.xml:11:22-76
23    <uses-permission android:name="android.permission.ACCESS_COARSE_LOCATION" /> <!-- Wifi izinleri -->
23-->src\main\AndroidManifest.xml:12:5-81
23-->src\main\AndroidManifest.xml:12:22-78
24    <uses-permission android:name="android.permission.ACCESS_WIFI_STATE" />
24-->src\main\AndroidManifest.xml:15:5-76
24-->src\main\AndroidManifest.xml:15:22-73
25    <uses-permission android:name="android.permission.CHANGE_WIFI_STATE" />
25-->src\main\AndroidManifest.xml:16:5-76
25-->src\main\AndroidManifest.xml:16:22-73
26    <uses-permission android:name="android.permission.ACCESS_NETWORK_STATE" /> <!-- Depolama izinleri -->
26-->src\main\AndroidManifest.xml:17:5-79
26-->src\main\AndroidManifest.xml:17:22-76
27    <uses-permission android:name="android.permission.WRITE_EXTERNAL_STORAGE" />
27-->src\main\AndroidManifest.xml:21:5-81
27-->src\main\AndroidManifest.xml:21:22-78
28    <uses-permission android:name="android.permission.READ_EXTERNAL_STORAGE" />
28-->src\main\AndroidManifest.xml:22:5-80
28-->src\main\AndroidManifest.xml:22:22-77
29    <uses-permission android:name="android.permission.READ_MEDIA_IMAGES" />
29-->src\main\AndroidManifest.xml:23:5-76
29-->src\main\AndroidManifest.xml:23:22-73
30    <uses-permission android:name="android.permission.READ_MEDIA_VIDEO" />
30-->src\main\AndroidManifest.xml:24:5-75
30-->src\main\AndroidManifest.xml:24:22-72
31    <uses-permission android:name="android.permission.READ_MEDIA_AUDIO" /> <!-- Kişiler izni -->
31-->src\main\AndroidManifest.xml:25:5-75
31-->src\main\AndroidManifest.xml:25:22-72
32    <uses-permission android:name="android.permission.READ_CONTACTS" />
32-->src\main\AndroidManifest.xml:28:5-72
32-->src\main\AndroidManifest.xml:28:22-69
33    <uses-permission android:name="android.permission.WRITE_CONTACTS" /> <!-- Kamera izni -->
33-->src\main\AndroidManifest.xml:29:5-73
33-->src\main\AndroidManifest.xml:29:22-70
34    <uses-permission android:name="android.permission.CAMERA" /> <!-- SMS izinleri -->
34-->src\main\AndroidManifest.xml:32:5-65
34-->src\main\AndroidManifest.xml:32:22-62
35    <uses-permission android:name="android.permission.SEND_SMS" />
35-->src\main\AndroidManifest.xml:35:5-67
35-->src\main\AndroidManifest.xml:35:22-64
36    <uses-permission android:name="android.permission.READ_SMS" />
36-->src\main\AndroidManifest.xml:36:5-67
36-->src\main\AndroidManifest.xml:36:22-64
37    <uses-permission android:name="android.permission.RECEIVE_SMS" /> <!-- NFC izinleri -->
37-->src\main\AndroidManifest.xml:37:5-70
37-->src\main\AndroidManifest.xml:37:22-67
38    <uses-permission android:name="android.permission.NFC" /> <!-- Sunmi scanner ve donanım izinleri -->
38-->src\main\AndroidManifest.xml:40:5-62
38-->src\main\AndroidManifest.xml:40:22-59
39    <uses-feature
39-->src\main\AndroidManifest.xml:43:5-82
40        android:name="android.hardware.nfc"
40-->src\main\AndroidManifest.xml:43:19-54
41        android:required="false" />
41-->src\main\AndroidManifest.xml:43:55-79
42    <uses-feature
42-->src\main\AndroidManifest.xml:44:5-85
43        android:name="android.hardware.camera"
43-->src\main\AndroidManifest.xml:44:19-57
44        android:required="false" />
44-->src\main\AndroidManifest.xml:44:58-82
45    <!--
46 Required to query activities that can process text, see:
47         https://developer.android.com/training/package-visibility and
48         https://developer.android.com/reference/android/content/Intent#ACTION_PROCESS_TEXT.
49
50         In particular, this is used by the Flutter engine in io.flutter.plugin.text.ProcessTextPlugin.
51    -->
52    <queries>
52-->src\main\AndroidManifest.xml:83:5-88:15
53        <intent>
53-->src\main\AndroidManifest.xml:84:9-87:18
54            <action android:name="android.intent.action.PROCESS_TEXT" />
54-->src\main\AndroidManifest.xml:85:13-72
54-->src\main\AndroidManifest.xml:85:21-70
55
56            <data android:mimeType="text/plain" />
56-->src\main\AndroidManifest.xml:86:13-50
56-->src\main\AndroidManifest.xml:86:19-48
57        </intent>
58
59        <package android:name="woyou.aidlservice.jiuiv5" />
59-->[com.sunmi:printerx:1.0.17] AndroidManifest.xml:10:9-60
59-->[com.sunmi:printerx:1.0.17] AndroidManifest.xml:10:18-57
60    </queries>
61
62    <permission
62-->[androidx.core:core:1.13.1] AndroidManifest.xml:22:5-24:47
63        android:name="com.example.shaman_new.DYNAMIC_RECEIVER_NOT_EXPORTED_PERMISSION"
63-->[androidx.core:core:1.13.1] AndroidManifest.xml:23:9-81
64        android:protectionLevel="signature" />
64-->[androidx.core:core:1.13.1] AndroidManifest.xml:24:9-44
65
66    <uses-permission android:name="com.example.shaman_new.DYNAMIC_RECEIVER_NOT_EXPORTED_PERMISSION" />
66-->[androidx.core:core:1.13.1] AndroidManifest.xml:26:5-97
66-->[androidx.core:core:1.13.1] AndroidManifest.xml:26:22-94
67
68    <application
69        android:name="android.app.Application"
70        android:appComponentFactory="androidx.core.app.CoreComponentFactory"
70-->[androidx.core:core:1.13.1] AndroidManifest.xml:28:18-86
71        android:debuggable="true"
72        android:extractNativeLibs="true"
73        android:icon="@mipmap/ic_launcher"
74        android:label="shaman_new" >
75        <activity
76            android:name="com.example.shaman_new.MainActivity"
77            android:configChanges="orientation|keyboardHidden|keyboard|screenSize|smallestScreenSize|locale|layoutDirection|fontScale|screenLayout|density|uiMode"
78            android:exported="true"
79            android:hardwareAccelerated="true"
80            android:launchMode="singleTop"
81            android:taskAffinity=""
82            android:theme="@style/LaunchTheme"
83            android:windowSoftInputMode="adjustResize" >
84
85            <!--
86                 Specifies an Android theme to apply to this Activity as soon as
87                 the Android process has started. This theme is visible to the user
88                 while the Flutter UI initializes. After that, this theme continues
89                 to determine the Window background behind the Flutter UI.
90            -->
91            <meta-data
92                android:name="io.flutter.embedding.android.NormalTheme"
93                android:resource="@style/NormalTheme" />
94
95            <intent-filter>
96                <action android:name="android.intent.action.MAIN" />
97
98                <category android:name="android.intent.category.LAUNCHER" />
99            </intent-filter>
100        </activity>
101        <!--
102             Don't delete the meta-data below.
103             This is used by the Flutter tool to generate GeneratedPluginRegistrant.java
104        -->
105        <meta-data
106            android:name="flutterEmbedding"
107            android:value="2" />
108        <!--
109        Service for holding metadata. Cannot be instantiated.
110        Metadata will be merged from other manifests.
111        -->
112        <service
112-->[androidx.camera:camera-core:1.4.2] AndroidManifest.xml:29:9-33:78
113            android:name="androidx.camera.core.impl.MetadataHolderService"
113-->[androidx.camera:camera-core:1.4.2] AndroidManifest.xml:30:13-75
114            android:enabled="false"
114-->[androidx.camera:camera-core:1.4.2] AndroidManifest.xml:31:13-36
115            android:exported="false" >
115-->[androidx.camera:camera-core:1.4.2] AndroidManifest.xml:32:13-37
116            <meta-data
116-->[androidx.camera:camera-camera2:1.4.2] AndroidManifest.xml:30:13-32:89
117                android:name="androidx.camera.core.impl.MetadataHolderService.DEFAULT_CONFIG_PROVIDER"
117-->[androidx.camera:camera-camera2:1.4.2] AndroidManifest.xml:31:17-103
118                android:value="androidx.camera.camera2.Camera2Config$DefaultProvider" />
118-->[androidx.camera:camera-camera2:1.4.2] AndroidManifest.xml:32:17-86
119        </service>
120
121        <provider
121-->[:image_picker_android] AndroidManifest.xml:9:9-17:20
122            android:name="io.flutter.plugins.imagepicker.ImagePickerFileProvider"
122-->[:image_picker_android] AndroidManifest.xml:10:13-82
123            android:authorities="com.example.shaman_new.flutter.image_provider"
123-->[:image_picker_android] AndroidManifest.xml:11:13-74
124            android:exported="false"
124-->[:image_picker_android] AndroidManifest.xml:12:13-37
125            android:grantUriPermissions="true" >
125-->[:image_picker_android] AndroidManifest.xml:13:13-47
126            <meta-data
126-->[:image_picker_android] AndroidManifest.xml:14:13-16:75
127                android:name="android.support.FILE_PROVIDER_PATHS"
127-->[:image_picker_android] AndroidManifest.xml:15:17-67
128                android:resource="@xml/flutter_image_picker_file_paths" />
128-->[:image_picker_android] AndroidManifest.xml:16:17-72
129        </provider> <!-- Trigger Google Play services to install the backported photo picker module. -->
130        <service
130-->[:image_picker_android] AndroidManifest.xml:19:9-31:19
131            android:name="com.google.android.gms.metadata.ModuleDependencies"
131-->[:image_picker_android] AndroidManifest.xml:20:13-78
132            android:enabled="false"
132-->[:image_picker_android] AndroidManifest.xml:21:13-36
133            android:exported="false" >
133-->[:image_picker_android] AndroidManifest.xml:22:13-37
134            <intent-filter>
134-->[:image_picker_android] AndroidManifest.xml:24:13-26:29
135                <action android:name="com.google.android.gms.metadata.MODULE_DEPENDENCIES" />
135-->[:image_picker_android] AndroidManifest.xml:25:17-94
135-->[:image_picker_android] AndroidManifest.xml:25:25-91
136            </intent-filter>
137
138            <meta-data
138-->[:image_picker_android] AndroidManifest.xml:28:13-30:36
139                android:name="photopicker_activity:0:required"
139-->[:image_picker_android] AndroidManifest.xml:29:17-63
140                android:value="" />
140-->[:image_picker_android] AndroidManifest.xml:30:17-33
141        </service>
142
143        <activity
143-->[:url_launcher_android] AndroidManifest.xml:8:9-11:74
144            android:name="io.flutter.plugins.urllauncher.WebViewActivity"
144-->[:url_launcher_android] AndroidManifest.xml:9:13-74
145            android:exported="false"
145-->[:url_launcher_android] AndroidManifest.xml:10:13-37
146            android:theme="@android:style/Theme.NoTitleBar.Fullscreen" />
146-->[:url_launcher_android] AndroidManifest.xml:11:13-71
147        <activity
147-->[pub.devrel:easypermissions:3.0.0] AndroidManifest.xml:12:9-16:66
148            android:name="pub.devrel.easypermissions.AppSettingsDialogHolderActivity"
148-->[pub.devrel:easypermissions:3.0.0] AndroidManifest.xml:13:13-86
149            android:exported="false"
149-->[pub.devrel:easypermissions:3.0.0] AndroidManifest.xml:14:13-37
150            android:label=""
150-->[pub.devrel:easypermissions:3.0.0] AndroidManifest.xml:15:13-29
151            android:theme="@style/EasyPermissions.Transparent" />
151-->[pub.devrel:easypermissions:3.0.0] AndroidManifest.xml:16:13-63
152
153        <service
153-->[com.google.android.gms:play-services-mlkit-barcode-scanning:18.3.1] AndroidManifest.xml:9:9-15:19
154            android:name="com.google.mlkit.common.internal.MlKitComponentDiscoveryService"
154-->[com.google.android.gms:play-services-mlkit-barcode-scanning:18.3.1] AndroidManifest.xml:10:13-91
155            android:directBootAware="true"
155-->[com.google.mlkit:common:18.11.0] AndroidManifest.xml:17:13-43
156            android:exported="false" >
156-->[com.google.android.gms:play-services-mlkit-barcode-scanning:18.3.1] AndroidManifest.xml:11:13-37
157            <meta-data
157-->[com.google.android.gms:play-services-mlkit-barcode-scanning:18.3.1] AndroidManifest.xml:12:13-14:85
158                android:name="com.google.firebase.components:com.google.mlkit.vision.barcode.internal.BarcodeRegistrar"
158-->[com.google.android.gms:play-services-mlkit-barcode-scanning:18.3.1] AndroidManifest.xml:13:17-120
159                android:value="com.google.firebase.components.ComponentRegistrar" />
159-->[com.google.android.gms:play-services-mlkit-barcode-scanning:18.3.1] AndroidManifest.xml:14:17-82
160            <meta-data
160-->[com.google.mlkit:vision-common:17.3.0] AndroidManifest.xml:12:13-14:85
161                android:name="com.google.firebase.components:com.google.mlkit.vision.common.internal.VisionCommonRegistrar"
161-->[com.google.mlkit:vision-common:17.3.0] AndroidManifest.xml:13:17-124
162                android:value="com.google.firebase.components.ComponentRegistrar" />
162-->[com.google.mlkit:vision-common:17.3.0] AndroidManifest.xml:14:17-82
163            <meta-data
163-->[com.google.mlkit:common:18.11.0] AndroidManifest.xml:20:13-22:85
164                android:name="com.google.firebase.components:com.google.mlkit.common.internal.CommonComponentRegistrar"
164-->[com.google.mlkit:common:18.11.0] AndroidManifest.xml:21:17-120
165                android:value="com.google.firebase.components.ComponentRegistrar" />
165-->[com.google.mlkit:common:18.11.0] AndroidManifest.xml:22:17-82
166        </service>
167
168        <provider
168-->[com.google.mlkit:common:18.11.0] AndroidManifest.xml:9:9-13:38
169            android:name="com.google.mlkit.common.internal.MlKitInitProvider"
169-->[com.google.mlkit:common:18.11.0] AndroidManifest.xml:10:13-78
170            android:authorities="com.example.shaman_new.mlkitinitprovider"
170-->[com.google.mlkit:common:18.11.0] AndroidManifest.xml:11:13-69
171            android:exported="false"
171-->[com.google.mlkit:common:18.11.0] AndroidManifest.xml:12:13-37
172            android:initOrder="99" />
172-->[com.google.mlkit:common:18.11.0] AndroidManifest.xml:13:13-35
173
174        <activity
174-->[com.google.android.gms:play-services-base:18.5.0] AndroidManifest.xml:5:9-173
175            android:name="com.google.android.gms.common.api.GoogleApiActivity"
175-->[com.google.android.gms:play-services-base:18.5.0] AndroidManifest.xml:5:19-85
176            android:exported="false"
176-->[com.google.android.gms:play-services-base:18.5.0] AndroidManifest.xml:5:146-170
177            android:theme="@android:style/Theme.Translucent.NoTitleBar" />
177-->[com.google.android.gms:play-services-base:18.5.0] AndroidManifest.xml:5:86-145
178
179        <meta-data
179-->[com.google.android.gms:play-services-basement:18.4.0] AndroidManifest.xml:6:9-122
180            android:name="com.google.android.gms.version"
180-->[com.google.android.gms:play-services-basement:18.4.0] AndroidManifest.xml:6:20-65
181            android:value="@integer/google_play_services_version" />
181-->[com.google.android.gms:play-services-basement:18.4.0] AndroidManifest.xml:6:66-119
182
183        <provider
183-->[androidx.emoji2:emoji2:1.2.0] AndroidManifest.xml:24:9-32:20
184            android:name="androidx.startup.InitializationProvider"
184-->[androidx.emoji2:emoji2:1.2.0] AndroidManifest.xml:25:13-67
185            android:authorities="com.example.shaman_new.androidx-startup"
185-->[androidx.emoji2:emoji2:1.2.0] AndroidManifest.xml:26:13-68
186            android:exported="false" >
186-->[androidx.emoji2:emoji2:1.2.0] AndroidManifest.xml:27:13-37
187            <meta-data
187-->[androidx.emoji2:emoji2:1.2.0] AndroidManifest.xml:29:13-31:52
188                android:name="androidx.emoji2.text.EmojiCompatInitializer"
188-->[androidx.emoji2:emoji2:1.2.0] AndroidManifest.xml:30:17-75
189                android:value="androidx.startup" />
189-->[androidx.emoji2:emoji2:1.2.0] AndroidManifest.xml:31:17-49
190            <meta-data
190-->[androidx.lifecycle:lifecycle-process:2.7.0] AndroidManifest.xml:29:13-31:52
191                android:name="androidx.lifecycle.ProcessLifecycleInitializer"
191-->[androidx.lifecycle:lifecycle-process:2.7.0] AndroidManifest.xml:30:17-78
192                android:value="androidx.startup" />
192-->[androidx.lifecycle:lifecycle-process:2.7.0] AndroidManifest.xml:31:17-49
193            <meta-data
193-->[androidx.profileinstaller:profileinstaller:1.3.1] AndroidManifest.xml:29:13-31:52
194                android:name="androidx.profileinstaller.ProfileInstallerInitializer"
194-->[androidx.profileinstaller:profileinstaller:1.3.1] AndroidManifest.xml:30:17-85
195                android:value="androidx.startup" />
195-->[androidx.profileinstaller:profileinstaller:1.3.1] AndroidManifest.xml:31:17-49
196        </provider>
197
198        <uses-library
198-->[androidx.window:window:1.2.0] AndroidManifest.xml:23:9-25:40
199            android:name="androidx.window.extensions"
199-->[androidx.window:window:1.2.0] AndroidManifest.xml:24:13-54
200            android:required="false" />
200-->[androidx.window:window:1.2.0] AndroidManifest.xml:25:13-37
201        <uses-library
201-->[androidx.window:window:1.2.0] AndroidManifest.xml:26:9-28:40
202            android:name="androidx.window.sidecar"
202-->[androidx.window:window:1.2.0] AndroidManifest.xml:27:13-51
203            android:required="false" />
203-->[androidx.window:window:1.2.0] AndroidManifest.xml:28:13-37
204
205        <receiver
205-->[androidx.profileinstaller:profileinstaller:1.3.1] AndroidManifest.xml:34:9-52:20
206            android:name="androidx.profileinstaller.ProfileInstallReceiver"
206-->[androidx.profileinstaller:profileinstaller:1.3.1] AndroidManifest.xml:35:13-76
207            android:directBootAware="false"
207-->[androidx.profileinstaller:profileinstaller:1.3.1] AndroidManifest.xml:36:13-44
208            android:enabled="true"
208-->[androidx.profileinstaller:profileinstaller:1.3.1] AndroidManifest.xml:37:13-35
209            android:exported="true"
209-->[androidx.profileinstaller:profileinstaller:1.3.1] AndroidManifest.xml:38:13-36
210            android:permission="android.permission.DUMP" >
210-->[androidx.profileinstaller:profileinstaller:1.3.1] AndroidManifest.xml:39:13-57
211            <intent-filter>
211-->[androidx.profileinstaller:profileinstaller:1.3.1] AndroidManifest.xml:40:13-42:29
212                <action android:name="androidx.profileinstaller.action.INSTALL_PROFILE" />
212-->[androidx.profileinstaller:profileinstaller:1.3.1] AndroidManifest.xml:41:17-91
212-->[androidx.profileinstaller:profileinstaller:1.3.1] AndroidManifest.xml:41:25-88
213            </intent-filter>
214            <intent-filter>
214-->[androidx.profileinstaller:profileinstaller:1.3.1] AndroidManifest.xml:43:13-45:29
215                <action android:name="androidx.profileinstaller.action.SKIP_FILE" />
215-->[androidx.profileinstaller:profileinstaller:1.3.1] AndroidManifest.xml:44:17-85
215-->[androidx.profileinstaller:profileinstaller:1.3.1] AndroidManifest.xml:44:25-82
216            </intent-filter>
217            <intent-filter>
217-->[androidx.profileinstaller:profileinstaller:1.3.1] AndroidManifest.xml:46:13-48:29
218                <action android:name="androidx.profileinstaller.action.SAVE_PROFILE" />
218-->[androidx.profileinstaller:profileinstaller:1.3.1] AndroidManifest.xml:47:17-88
218-->[androidx.profileinstaller:profileinstaller:1.3.1] AndroidManifest.xml:47:25-85
219            </intent-filter>
220            <intent-filter>
220-->[androidx.profileinstaller:profileinstaller:1.3.1] AndroidManifest.xml:49:13-51:29
221                <action android:name="androidx.profileinstaller.action.BENCHMARK_OPERATION" />
221-->[androidx.profileinstaller:profileinstaller:1.3.1] AndroidManifest.xml:50:17-95
221-->[androidx.profileinstaller:profileinstaller:1.3.1] AndroidManifest.xml:50:25-92
222            </intent-filter>
223        </receiver>
224
225        <service
225-->[com.google.android.datatransport:transport-backend-cct:2.3.3] AndroidManifest.xml:29:9-35:19
226            android:name="com.google.android.datatransport.runtime.backends.TransportBackendDiscovery"
226-->[com.google.android.datatransport:transport-backend-cct:2.3.3] AndroidManifest.xml:30:13-103
227            android:exported="false" >
227-->[com.google.android.datatransport:transport-backend-cct:2.3.3] AndroidManifest.xml:31:13-37
228            <meta-data
228-->[com.google.android.datatransport:transport-backend-cct:2.3.3] AndroidManifest.xml:32:13-34:39
229                android:name="backend:com.google.android.datatransport.cct.CctBackendFactory"
229-->[com.google.android.datatransport:transport-backend-cct:2.3.3] AndroidManifest.xml:33:17-94
230                android:value="cct" />
230-->[com.google.android.datatransport:transport-backend-cct:2.3.3] AndroidManifest.xml:34:17-36
231        </service>
232        <service
232-->[com.google.android.datatransport:transport-runtime:2.2.6] AndroidManifest.xml:26:9-30:19
233            android:name="com.google.android.datatransport.runtime.scheduling.jobscheduling.JobInfoSchedulerService"
233-->[com.google.android.datatransport:transport-runtime:2.2.6] AndroidManifest.xml:27:13-117
234            android:exported="false"
234-->[com.google.android.datatransport:transport-runtime:2.2.6] AndroidManifest.xml:28:13-37
235            android:permission="android.permission.BIND_JOB_SERVICE" >
235-->[com.google.android.datatransport:transport-runtime:2.2.6] AndroidManifest.xml:29:13-69
236        </service>
237
238        <receiver
238-->[com.google.android.datatransport:transport-runtime:2.2.6] AndroidManifest.xml:32:9-34:40
239            android:name="com.google.android.datatransport.runtime.scheduling.jobscheduling.AlarmManagerSchedulerBroadcastReceiver"
239-->[com.google.android.datatransport:transport-runtime:2.2.6] AndroidManifest.xml:33:13-132
240            android:exported="false" />
240-->[com.google.android.datatransport:transport-runtime:2.2.6] AndroidManifest.xml:34:13-37
241    </application>
242
243</manifest>